<?xml version="1.0" encoding="UTF-8" ?>
<testsuite tests="5" failures="0" name="blackjack.TestStep4" time="0" errors="0" skipped="0">
  <properties>
[...]
</properties>
  <testcase classname="blackjack.TestStep4" name="should_have_thirteen_when_cards_are_ace_and_ace_and_ace" time="0"/>
  <testcase classname="blackjack.TestStep4" name="should_have_twelve_when_hand_already_contains_ace" time="0"/>
  <testcase classname="blackjack.TestStep4" name="should_have_fourteen_when_all_cards_are_aces" time="0"/>
  <testcase classname="blackjack.TestStep4" name="should_have_fifteen_when_cards_are_ten_and_four_and_ace" time="0"/>
  <testcase classname="blackjack.TestStep4" name="should_have_twenty_two_and_busted_when_cards_are_ten_and_four_and_seven_and_ace" time="0"/>
</testsuite>